The system is: Linux - 4.0.4-301.fc22.i686 - i686
Compiling the C compiler identification source file "CMakeCCompilerId.c" succeeded.
Compiler: /bin/cc 
Build flags: 
Id flags: 

The output was:
0


Compilation of the C compiler identification source "CMakeCCompilerId.c" produced "a.out"

The C compiler identification is GNU, found in "/home/RD/CMakeFiles/3.3.2/CompilerIdC/a.out"

Compiling the CXX compiler identification source file "CMakeCXXCompilerId.cpp" succeeded.
Compiler: /bin/c++ 
Build flags: 
Id flags: 

The output was:
0


Compilation of the CXX compiler identification source "CMakeCXXCompilerId.cpp" produced "a.out"

The CXX compiler identification is GNU, found in "/home/RD/CMakeFiles/3.3.2/CompilerIdCXX/a.out"

Determining if the C compiler works passed with the following output:
Change Dir: /home/RD/CMakeFiles/CMakeTmp

Run Build Command:"/bin/gmake" "cmTC_7fd4c/fast"
/bin/gmake -f CMakeFiles/cmTC_7fd4c.dir/build.make CMakeFiles/cmTC_7fd4c.dir/build
gmake[1]: Entering directory '/home/RD/CMakeFiles/CMakeTmp'
Building C object CMakeFiles/cmTC_7fd4c.dir/testCCompiler.c.o
/bin/cc    -o CMakeFiles/cmTC_7fd4c.dir/testCCompiler.c.o   -c /home/RD/CMakeFiles/CMakeTmp/testCCompiler.c
Linking C executable cmTC_7fd4c
/usr/bin/cmake -E cmake_link_script CMakeFiles/cmTC_7fd4c.dir/link.txt --verbose=1
/bin/cc       CMakeFiles/cmTC_7fd4c.dir/testCCompiler.c.o  -o cmTC_7fd4c -rdynamic 
gmake[1]: Leaving directory '/home/RD/CMakeFiles/CMakeTmp'


Detecting C compiler ABI info compiled with the following output:
Change Dir: /home/RD/CMakeFiles/CMakeTmp

Run Build Command:"/bin/gmake" "cmTC_633b3/fast"
/bin/gmake -f CMakeFiles/cmTC_633b3.dir/build.make CMakeFiles/cmTC_633b3.dir/build
gmake[1]: Entering directory '/home/RD/CMakeFiles/CMakeTmp'
Building C object CMakeFiles/cmTC_633b3.dir/CMakeCCompilerABI.c.o
/bin/cc    -o CMakeFiles/cmTC_633b3.dir/CMakeCCompilerABI.c.o   -c /usr/share/cmake/Modules/CMakeCCompilerABI.c
Linking C executable cmTC_633b3
/usr/bin/cmake -E cmake_link_script CMakeFiles/cmTC_633b3.dir/link.txt --verbose=1
/bin/cc      -v CMakeFiles/cmTC_633b3.dir/CMakeCCompilerABI.c.o  -o cmTC_633b3 -rdynamic  
Using built-in specs.
COLLECT_GCC=/bin/cc
COLLECT_LTO_WRAPPER=/usr/libexec/gcc/i686-redhat-linux/5.1.1/lto-wrapper
Target: i686-redhat-linux
Configured with: ../configure --enable-bootstrap --enable-languages=c,c++,objc,obj-c++,fortran,ada,go,lto --prefix=/usr --mandir=/usr/share/man --infodir=/usr/share/info --with-bugurl=http://bugzilla.redhat.com/bugzilla --enable-shared --enable-threads=posix --enable-checking=release --enable-multilib --with-system-zlib --enable-__cxa_atexit --disable-libunwind-exceptions --enable-gnu-unique-object --enable-linker-build-id --with-linker-hash-style=gnu --enable-plugin --enable-initfini-array --disable-libgcj --with-default-libstdcxx-abi=c++98 --with-isl --enable-libmpx --enable-gnu-indirect-function --with-tune=generic --with-arch=i686 --build=i686-redhat-linux
Thread model: posix
gcc version 5.1.1 20150618 (Red Hat 5.1.1-4) (GCC) 
COMPILER_PATH=/usr/libexec/gcc/i686-redhat-linux/5.1.1/:/usr/libexec/gcc/i686-redhat-linux/5.1.1/:/usr/libexec/gcc/i686-redhat-linux/:/usr/lib/gcc/i686-redhat-linux/5.1.1/:/usr/lib/gcc/i686-redhat-linux/
LIBRARY_PATH=/usr/lib/gcc/i686-redhat-linux/5.1.1/:/usr/lib/gcc/i686-redhat-linux/5.1.1/../../../:/lib/:/usr/lib/
COLLECT_GCC_OPTIONS='-v' '-o' 'cmTC_633b3' '-rdynamic' '-mtune=generic' '-march=i686'
 /usr/libexec/gcc/i686-redhat-linux/5.1.1/collect2 -plugin /usr/libexec/gcc/i686-redhat-linux/5.1.1/liblto_plugin.so -plugin-opt=/usr/libexec/gcc/i686-redhat-linux/5.1.1/lto-wrapper -plugin-opt=-fresolution=/tmp/ccAH3fpV.res -plugin-opt=-pass-through=-lgcc -plugin-opt=-pass-through=-lgcc_s -plugin-opt=-pass-through=-lc -plugin-opt=-pass-through=-lgcc -plugin-opt=-pass-through=-lgcc_s --build-id --no-add-needed --eh-frame-hdr --hash-style=gnu -m elf_i386 -export-dynamic -dynamic-linker /lib/ld-linux.so.2 -o cmTC_633b3 /usr/lib/gcc/i686-redhat-linux/5.1.1/../../../crt1.o /usr/lib/gcc/i686-redhat-linux/5.1.1/../../../crti.o /usr/lib/gcc/i686-redhat-linux/5.1.1/crtbegin.o -L/usr/lib/gcc/i686-redhat-linux/5.1.1 -L/usr/lib/gcc/i686-redhat-linux/5.1.1/../../.. CMakeFiles/cmTC_633b3.dir/CMakeCCompilerABI.c.o -lgcc --as-needed -lgcc_s --no-as-needed -lc -lgcc --as-needed -lgcc_s --no-as-needed /usr/lib/gcc/i686-redhat-linux/5.1.1/crtend.o /usr/lib/gcc/i686-redhat-linux/5.1.1/../../../crtn.o
gmake[1]: Leaving directory '/home/RD/CMakeFiles/CMakeTmp'


Parsed C implicit link information from above output:
  link line regex: [^( *|.*[/\])(ld|([^/\]+-)?ld|collect2)[^/\]*( |$)]
  ignore line: [Change Dir: /home/RD/CMakeFiles/CMakeTmp]
  ignore line: []
  ignore line: [Run Build Command:"/bin/gmake" "cmTC_633b3/fast"]
  ignore line: [/bin/gmake -f CMakeFiles/cmTC_633b3.dir/build.make CMakeFiles/cmTC_633b3.dir/build]
  ignore line: [gmake[1]: Entering directory '/home/RD/CMakeFiles/CMakeTmp']
  ignore line: [Building C object CMakeFiles/cmTC_633b3.dir/CMakeCCompilerABI.c.o]
  ignore line: [/bin/cc    -o CMakeFiles/cmTC_633b3.dir/CMakeCCompilerABI.c.o   -c /usr/share/cmake/Modules/CMakeCCompilerABI.c]
  ignore line: [Linking C executable cmTC_633b3]
  ignore line: [/usr/bin/cmake -E cmake_link_script CMakeFiles/cmTC_633b3.dir/link.txt --verbose=1]
  ignore line: [/bin/cc      -v CMakeFiles/cmTC_633b3.dir/CMakeCCompilerABI.c.o  -o cmTC_633b3 -rdynamic  ]
  ignore line: [Using built-in specs.]
  ignore line: [COLLECT_GCC=/bin/cc]
  ignore line: [COLLECT_LTO_WRAPPER=/usr/libexec/gcc/i686-redhat-linux/5.1.1/lto-wrapper]
  ignore line: [Target: i686-redhat-linux]
  ignore line: [Configured with: ../configure --enable-bootstrap --enable-languages=c,c++,objc,obj-c++,fortran,ada,go,lto --prefix=/usr --mandir=/usr/share/man --infodir=/usr/share/info --with-bugurl=http://bugzilla.redhat.com/bugzilla --enable-shared --enable-threads=posix --enable-checking=release --enable-multilib --with-system-zlib --enable-__cxa_atexit --disable-libunwind-exceptions --enable-gnu-unique-object --enable-linker-build-id --with-linker-hash-style=gnu --enable-plugin --enable-initfini-array --disable-libgcj --with-default-libstdcxx-abi=c++98 --with-isl --enable-libmpx --enable-gnu-indirect-function --with-tune=generic --with-arch=i686 --build=i686-redhat-linux]
  ignore line: [Thread model: posix]
  ignore line: [gcc version 5.1.1 20150618 (Red Hat 5.1.1-4) (GCC) ]
  ignore line: [COMPILER_PATH=/usr/libexec/gcc/i686-redhat-linux/5.1.1/:/usr/libexec/gcc/i686-redhat-linux/5.1.1/:/usr/libexec/gcc/i686-redhat-linux/:/usr/lib/gcc/i686-redhat-linux/5.1.1/:/usr/lib/gcc/i686-redhat-linux/]
  ignore line: [LIBRARY_PATH=/usr/lib/gcc/i686-redhat-linux/5.1.1/:/usr/lib/gcc/i686-redhat-linux/5.1.1/../../../:/lib/:/usr/lib/]
  ignore line: [COLLECT_GCC_OPTIONS='-v' '-o' 'cmTC_633b3' '-rdynamic' '-mtune=generic' '-march=i686']
  link line: [ /usr/libexec/gcc/i686-redhat-linux/5.1.1/collect2 -plugin /usr/libexec/gcc/i686-redhat-linux/5.1.1/liblto_plugin.so -plugin-opt=/usr/libexec/gcc/i686-redhat-linux/5.1.1/lto-wrapper -plugin-opt=-fresolution=/tmp/ccAH3fpV.res -plugin-opt=-pass-through=-lgcc -plugin-opt=-pass-through=-lgcc_s -plugin-opt=-pass-through=-lc -plugin-opt=-pass-through=-lgcc -plugin-opt=-pass-through=-lgcc_s --build-id --no-add-needed --eh-frame-hdr --hash-style=gnu -m elf_i386 -export-dynamic -dynamic-linker /lib/ld-linux.so.2 -o cmTC_633b3 /usr/lib/gcc/i686-redhat-linux/5.1.1/../../../crt1.o /usr/lib/gcc/i686-redhat-linux/5.1.1/../../../crti.o /usr/lib/gcc/i686-redhat-linux/5.1.1/crtbegin.o -L/usr/lib/gcc/i686-redhat-linux/5.1.1 -L/usr/lib/gcc/i686-redhat-linux/5.1.1/../../.. CMakeFiles/cmTC_633b3.dir/CMakeCCompilerABI.c.o -lgcc --as-needed -lgcc_s --no-as-needed -lc -lgcc --as-needed -lgcc_s --no-as-needed /usr/lib/gcc/i686-redhat-linux/5.1.1/crtend.o /usr/lib/gcc/i686-redhat-linux/5.1.1/../../../crtn.o]
    arg [/usr/libexec/gcc/i686-redhat-linux/5.1.1/collect2] ==> ignore
    arg [-plugin] ==> ignore
    arg [/usr/libexec/gcc/i686-redhat-linux/5.1.1/liblto_plugin.so] ==> ignore
    arg [-plugin-opt=/usr/libexec/gcc/i686-redhat-linux/5.1.1/lto-wrapper] ==> ignore
    arg [-plugin-opt=-fresolution=/tmp/ccAH3fpV.res] ==> ignore
    arg [-plugin-opt=-pass-through=-lgcc] ==> ignore
    arg [-plugin-opt=-pass-through=-lgcc_s] ==> ignore
    arg [-plugin-opt=-pass-through=-lc] ==> ignore
    arg [-plugin-opt=-pass-through=-lgcc] ==> ignore
    arg [-plugin-opt=-pass-through=-lgcc_s] ==> ignore
    arg [--build-id] ==> ignore
    arg [--no-add-needed] ==> ignore
    arg [--eh-frame-hdr] ==> ignore
    arg [--hash-style=gnu] ==> ignore
    arg [-m] ==> ignore
    arg [elf_i386] ==> ignore
    arg [-export-dynamic] ==> ignore
    arg [-dynamic-linker] ==> ignore
    arg [/lib/ld-linux.so.2] ==> ignore
    arg [-o] ==> ignore
    arg [cmTC_633b3] ==> ignore
    arg [/usr/lib/gcc/i686-redhat-linux/5.1.1/../../../crt1.o] ==> ignore
    arg [/usr/lib/gcc/i686-redhat-linux/5.1.1/../../../crti.o] ==> ignore
    arg [/usr/lib/gcc/i686-redhat-linux/5.1.1/crtbegin.o] ==> ignore
    arg [-L/usr/lib/gcc/i686-redhat-linux/5.1.1] ==> dir [/usr/lib/gcc/i686-redhat-linux/5.1.1]
    arg [-L/usr/lib/gcc/i686-redhat-linux/5.1.1/../../..] ==> dir [/usr/lib/gcc/i686-redhat-linux/5.1.1/../../..]
    arg [CMakeFiles/cmTC_633b3.dir/CMakeCCompilerABI.c.o] ==> ignore
    arg [-lgcc] ==> lib [gcc]
    arg [--as-needed] ==> ignore
    arg [-lgcc_s] ==> lib [gcc_s]
    arg [--no-as-needed] ==> ignore
    arg [-lc] ==> lib [c]
    arg [-lgcc] ==> lib [gcc]
    arg [--as-needed] ==> ignore
    arg [-lgcc_s] ==> lib [gcc_s]
    arg [--no-as-needed] ==> ignore
    arg [/usr/lib/gcc/i686-redhat-linux/5.1.1/crtend.o] ==> ignore
    arg [/usr/lib/gcc/i686-redhat-linux/5.1.1/../../../crtn.o] ==> ignore
  remove lib [gcc]
  remove lib [gcc_s]
  remove lib [gcc]
  remove lib [gcc_s]
  collapse library dir [/usr/lib/gcc/i686-redhat-linux/5.1.1] ==> [/usr/lib/gcc/i686-redhat-linux/5.1.1]
  collapse library dir [/usr/lib/gcc/i686-redhat-linux/5.1.1/../../..] ==> [/usr/lib]
  implicit libs: [c]
  implicit dirs: [/usr/lib/gcc/i686-redhat-linux/5.1.1;/usr/lib]
  implicit fwks: []




Detecting C [-std=c11] compiler features compiled with the following output:
Change Dir: /home/RD/CMakeFiles/CMakeTmp

Run Build Command:"/bin/gmake" "cmTC_7cb2b/fast"
/bin/gmake -f CMakeFiles/cmTC_7cb2b.dir/build.make CMakeFiles/cmTC_7cb2b.dir/build
gmake[1]: Entering directory '/home/RD/CMakeFiles/CMakeTmp'
Building C object CMakeFiles/cmTC_7cb2b.dir/feature_tests.c.o
/bin/cc   -std=c11 -o CMakeFiles/cmTC_7cb2b.dir/feature_tests.c.o   -c /home/RD/CMakeFiles/feature_tests.c
Linking C executable cmTC_7cb2b
/usr/bin/cmake -E cmake_link_script CMakeFiles/cmTC_7cb2b.dir/link.txt --verbose=1
/bin/cc       CMakeFiles/cmTC_7cb2b.dir/feature_tests.c.o  -o cmTC_7cb2b -rdynamic 
gmake[1]: Leaving directory '/home/RD/CMakeFiles/CMakeTmp'


    Feature record: C_FEATURE:1c_function_prototypes
    Feature record: C_FEATURE:1c_restrict
    Feature record: C_FEATURE:1c_static_assert
    Feature record: C_FEATURE:1c_variadic_macros


Detecting C [-std=c99] compiler features compiled with the following output:
Change Dir: /home/RD/CMakeFiles/CMakeTmp

Run Build Command:"/bin/gmake" "cmTC_46670/fast"
/bin/gmake -f CMakeFiles/cmTC_46670.dir/build.make CMakeFiles/cmTC_46670.dir/build
gmake[1]: Entering directory '/home/RD/CMakeFiles/CMakeTmp'
Building C object CMakeFiles/cmTC_46670.dir/feature_tests.c.o
/bin/cc   -std=c99 -o CMakeFiles/cmTC_46670.dir/feature_tests.c.o   -c /home/RD/CMakeFiles/feature_tests.c
Linking C executable cmTC_46670
/usr/bin/cmake -E cmake_link_script CMakeFiles/cmTC_46670.dir/link.txt --verbose=1
/bin/cc       CMakeFiles/cmTC_46670.dir/feature_tests.c.o  -o cmTC_46670 -rdynamic 
gmake[1]: Leaving directory '/home/RD/CMakeFiles/CMakeTmp'


    Feature record: C_FEATURE:1c_function_prototypes
    Feature record: C_FEATURE:1c_restrict
    Feature record: C_FEATURE:0c_static_assert
    Feature record: C_FEATURE:1c_variadic_macros


Detecting C [-std=c90] compiler features compiled with the following output:
Change Dir: /home/RD/CMakeFiles/CMakeTmp

Run Build Command:"/bin/gmake" "cmTC_64a06/fast"
/bin/gmake -f CMakeFiles/cmTC_64a06.dir/build.make CMakeFiles/cmTC_64a06.dir/build
gmake[1]: Entering directory '/home/RD/CMakeFiles/CMakeTmp'
Building C object CMakeFiles/cmTC_64a06.dir/feature_tests.c.o
/bin/cc   -std=c90 -o CMakeFiles/cmTC_64a06.dir/feature_tests.c.o   -c /home/RD/CMakeFiles/feature_tests.c
Linking C executable cmTC_64a06
/usr/bin/cmake -E cmake_link_script CMakeFiles/cmTC_64a06.dir/link.txt --verbose=1
/bin/cc       CMakeFiles/cmTC_64a06.dir/feature_tests.c.o  -o cmTC_64a06 -rdynamic 
gmake[1]: Leaving directory '/home/RD/CMakeFiles/CMakeTmp'


    Feature record: C_FEATURE:1c_function_prototypes
    Feature record: C_FEATURE:0c_restrict
    Feature record: C_FEATURE:0c_static_assert
    Feature record: C_FEATURE:0c_variadic_macros
Determining if the CXX compiler works passed with the following output:
Change Dir: /home/RD/CMakeFiles/CMakeTmp

Run Build Command:"/bin/gmake" "cmTC_67d2d/fast"
/bin/gmake -f CMakeFiles/cmTC_67d2d.dir/build.make CMakeFiles/cmTC_67d2d.dir/build
gmake[1]: Entering directory '/home/RD/CMakeFiles/CMakeTmp'
Building CXX object CMakeFiles/cmTC_67d2d.dir/testCXXCompiler.cxx.o
/bin/c++     -o CMakeFiles/cmTC_67d2d.dir/testCXXCompiler.cxx.o -c /home/RD/CMakeFiles/CMakeTmp/testCXXCompiler.cxx
Linking CXX executable cmTC_67d2d
/usr/bin/cmake -E cmake_link_script CMakeFiles/cmTC_67d2d.dir/link.txt --verbose=1
/bin/c++        CMakeFiles/cmTC_67d2d.dir/testCXXCompiler.cxx.o  -o cmTC_67d2d -rdynamic 
gmake[1]: Leaving directory '/home/RD/CMakeFiles/CMakeTmp'


Detecting CXX compiler ABI info compiled with the following output:
Change Dir: /home/RD/CMakeFiles/CMakeTmp

Run Build Command:"/bin/gmake" "cmTC_48e1d/fast"
/bin/gmake -f CMakeFiles/cmTC_48e1d.dir/build.make CMakeFiles/cmTC_48e1d.dir/build
gmake[1]: Entering directory '/home/RD/CMakeFiles/CMakeTmp'
Building CXX object CMakeFiles/cmTC_48e1d.dir/CMakeCXXCompilerABI.cpp.o
/bin/c++     -o CMakeFiles/cmTC_48e1d.dir/CMakeCXXCompilerABI.cpp.o -c /usr/share/cmake/Modules/CMakeCXXCompilerABI.cpp
Linking CXX executable cmTC_48e1d
/usr/bin/cmake -E cmake_link_script CMakeFiles/cmTC_48e1d.dir/link.txt --verbose=1
/bin/c++       -v CMakeFiles/cmTC_48e1d.dir/CMakeCXXCompilerABI.cpp.o  -o cmTC_48e1d -rdynamic  
Using built-in specs.
COLLECT_GCC=/bin/c++
COLLECT_LTO_WRAPPER=/usr/libexec/gcc/i686-redhat-linux/5.1.1/lto-wrapper
Target: i686-redhat-linux
Configured with: ../configure --enable-bootstrap --enable-languages=c,c++,objc,obj-c++,fortran,ada,go,lto --prefix=/usr --mandir=/usr/share/man --infodir=/usr/share/info --with-bugurl=http://bugzilla.redhat.com/bugzilla --enable-shared --enable-threads=posix --enable-checking=release --enable-multilib --with-system-zlib --enable-__cxa_atexit --disable-libunwind-exceptions --enable-gnu-unique-object --enable-linker-build-id --with-linker-hash-style=gnu --enable-plugin --enable-initfini-array --disable-libgcj --with-default-libstdcxx-abi=c++98 --with-isl --enable-libmpx --enable-gnu-indirect-function --with-tune=generic --with-arch=i686 --build=i686-redhat-linux
Thread model: posix
gcc version 5.1.1 20150618 (Red Hat 5.1.1-4) (GCC) 
COMPILER_PATH=/usr/libexec/gcc/i686-redhat-linux/5.1.1/:/usr/libexec/gcc/i686-redhat-linux/5.1.1/:/usr/libexec/gcc/i686-redhat-linux/:/usr/lib/gcc/i686-redhat-linux/5.1.1/:/usr/lib/gcc/i686-redhat-linux/
LIBRARY_PATH=/usr/lib/gcc/i686-redhat-linux/5.1.1/:/usr/lib/gcc/i686-redhat-linux/5.1.1/../../../:/lib/:/usr/lib/
COLLECT_GCC_OPTIONS='-v' '-o' 'cmTC_48e1d' '-rdynamic' '-shared-libgcc' '-mtune=generic' '-march=i686'
 /usr/libexec/gcc/i686-redhat-linux/5.1.1/collect2 -plugin /usr/libexec/gcc/i686-redhat-linux/5.1.1/liblto_plugin.so -plugin-opt=/usr/libexec/gcc/i686-redhat-linux/5.1.1/lto-wrapper -plugin-opt=-fresolution=/tmp/ccfe2a4H.res -plugin-opt=-pass-through=-lgcc_s -plugin-opt=-pass-through=-lgcc -plugin-opt=-pass-through=-lc -plugin-opt=-pass-through=-lgcc_s -plugin-opt=-pass-through=-lgcc --build-id --no-add-needed --eh-frame-hdr --hash-style=gnu -m elf_i386 -export-dynamic -dynamic-linker /lib/ld-linux.so.2 -o cmTC_48e1d /usr/lib/gcc/i686-redhat-linux/5.1.1/../../../crt1.o /usr/lib/gcc/i686-redhat-linux/5.1.1/../../../crti.o /usr/lib/gcc/i686-redhat-linux/5.1.1/crtbegin.o -L/usr/lib/gcc/i686-redhat-linux/5.1.1 -L/usr/lib/gcc/i686-redhat-linux/5.1.1/../../.. CMakeFiles/cmTC_48e1d.dir/CMakeCXXCompilerABI.cpp.o -lstdc++ -lm -lgcc_s -lgcc -lc -lgcc_s -lgcc /usr/lib/gcc/i686-redhat-linux/5.1.1/crtend.o /usr/lib/gcc/i686-redhat-linux/5.1.1/../../../crtn.o
gmake[1]: Leaving directory '/home/RD/CMakeFiles/CMakeTmp'


Parsed CXX implicit link information from above output:
  link line regex: [^( *|.*[/\])(ld|([^/\]+-)?ld|collect2)[^/\]*( |$)]
  ignore line: [Change Dir: /home/RD/CMakeFiles/CMakeTmp]
  ignore line: []
  ignore line: [Run Build Command:"/bin/gmake" "cmTC_48e1d/fast"]
  ignore line: [/bin/gmake -f CMakeFiles/cmTC_48e1d.dir/build.make CMakeFiles/cmTC_48e1d.dir/build]
  ignore line: [gmake[1]: Entering directory '/home/RD/CMakeFiles/CMakeTmp']
  ignore line: [Building CXX object CMakeFiles/cmTC_48e1d.dir/CMakeCXXCompilerABI.cpp.o]
  ignore line: [/bin/c++     -o CMakeFiles/cmTC_48e1d.dir/CMakeCXXCompilerABI.cpp.o -c /usr/share/cmake/Modules/CMakeCXXCompilerABI.cpp]
  ignore line: [Linking CXX executable cmTC_48e1d]
  ignore line: [/usr/bin/cmake -E cmake_link_script CMakeFiles/cmTC_48e1d.dir/link.txt --verbose=1]
  ignore line: [/bin/c++       -v CMakeFiles/cmTC_48e1d.dir/CMakeCXXCompilerABI.cpp.o  -o cmTC_48e1d -rdynamic  ]
  ignore line: [Using built-in specs.]
  ignore line: [COLLECT_GCC=/bin/c++]
  ignore line: [COLLECT_LTO_WRAPPER=/usr/libexec/gcc/i686-redhat-linux/5.1.1/lto-wrapper]
  ignore line: [Target: i686-redhat-linux]
  ignore line: [Configured with: ../configure --enable-bootstrap --enable-languages=c,c++,objc,obj-c++,fortran,ada,go,lto --prefix=/usr --mandir=/usr/share/man --infodir=/usr/share/info --with-bugurl=http://bugzilla.redhat.com/bugzilla --enable-shared --enable-threads=posix --enable-checking=release --enable-multilib --with-system-zlib --enable-__cxa_atexit --disable-libunwind-exceptions --enable-gnu-unique-object --enable-linker-build-id --with-linker-hash-style=gnu --enable-plugin --enable-initfini-array --disable-libgcj --with-default-libstdcxx-abi=c++98 --with-isl --enable-libmpx --enable-gnu-indirect-function --with-tune=generic --with-arch=i686 --build=i686-redhat-linux]
  ignore line: [Thread model: posix]
  ignore line: [gcc version 5.1.1 20150618 (Red Hat 5.1.1-4) (GCC) ]
  ignore line: [COMPILER_PATH=/usr/libexec/gcc/i686-redhat-linux/5.1.1/:/usr/libexec/gcc/i686-redhat-linux/5.1.1/:/usr/libexec/gcc/i686-redhat-linux/:/usr/lib/gcc/i686-redhat-linux/5.1.1/:/usr/lib/gcc/i686-redhat-linux/]
  ignore line: [LIBRARY_PATH=/usr/lib/gcc/i686-redhat-linux/5.1.1/:/usr/lib/gcc/i686-redhat-linux/5.1.1/../../../:/lib/:/usr/lib/]
  ignore line: [COLLECT_GCC_OPTIONS='-v' '-o' 'cmTC_48e1d' '-rdynamic' '-shared-libgcc' '-mtune=generic' '-march=i686']
  link line: [ /usr/libexec/gcc/i686-redhat-linux/5.1.1/collect2 -plugin /usr/libexec/gcc/i686-redhat-linux/5.1.1/liblto_plugin.so -plugin-opt=/usr/libexec/gcc/i686-redhat-linux/5.1.1/lto-wrapper -plugin-opt=-fresolution=/tmp/ccfe2a4H.res -plugin-opt=-pass-through=-lgcc_s -plugin-opt=-pass-through=-lgcc -plugin-opt=-pass-through=-lc -plugin-opt=-pass-through=-lgcc_s -plugin-opt=-pass-through=-lgcc --build-id --no-add-needed --eh-frame-hdr --hash-style=gnu -m elf_i386 -export-dynamic -dynamic-linker /lib/ld-linux.so.2 -o cmTC_48e1d /usr/lib/gcc/i686-redhat-linux/5.1.1/../../../crt1.o /usr/lib/gcc/i686-redhat-linux/5.1.1/../../../crti.o /usr/lib/gcc/i686-redhat-linux/5.1.1/crtbegin.o -L/usr/lib/gcc/i686-redhat-linux/5.1.1 -L/usr/lib/gcc/i686-redhat-linux/5.1.1/../../.. CMakeFiles/cmTC_48e1d.dir/CMakeCXXCompilerABI.cpp.o -lstdc++ -lm -lgcc_s -lgcc -lc -lgcc_s -lgcc /usr/lib/gcc/i686-redhat-linux/5.1.1/crtend.o /usr/lib/gcc/i686-redhat-linux/5.1.1/../../../crtn.o]
    arg [/usr/libexec/gcc/i686-redhat-linux/5.1.1/collect2] ==> ignore
    arg [-plugin] ==> ignore
    arg [/usr/libexec/gcc/i686-redhat-linux/5.1.1/liblto_plugin.so] ==> ignore
    arg [-plugin-opt=/usr/libexec/gcc/i686-redhat-linux/5.1.1/lto-wrapper] ==> ignore
    arg [-plugin-opt=-fresolution=/tmp/ccfe2a4H.res] ==> ignore
    arg [-plugin-opt=-pass-through=-lgcc_s] ==> ignore
    arg [-plugin-opt=-pass-through=-lgcc] ==> ignore
    arg [-plugin-opt=-pass-through=-lc] ==> ignore
    arg [-plugin-opt=-pass-through=-lgcc_s] ==> ignore
    arg [-plugin-opt=-pass-through=-lgcc] ==> ignore
    arg [--build-id] ==> ignore
    arg [--no-add-needed] ==> ignore
    arg [--eh-frame-hdr] ==> ignore
    arg [--hash-style=gnu] ==> ignore
    arg [-m] ==> ignore
    arg [elf_i386] ==> ignore
    arg [-export-dynamic] ==> ignore
    arg [-dynamic-linker] ==> ignore
    arg [/lib/ld-linux.so.2] ==> ignore
    arg [-o] ==> ignore
    arg [cmTC_48e1d] ==> ignore
    arg [/usr/lib/gcc/i686-redhat-linux/5.1.1/../../../crt1.o] ==> ignore
    arg [/usr/lib/gcc/i686-redhat-linux/5.1.1/../../../crti.o] ==> ignore
    arg [/usr/lib/gcc/i686-redhat-linux/5.1.1/crtbegin.o] ==> ignore
    arg [-L/usr/lib/gcc/i686-redhat-linux/5.1.1] ==> dir [/usr/lib/gcc/i686-redhat-linux/5.1.1]
    arg [-L/usr/lib/gcc/i686-redhat-linux/5.1.1/../../..] ==> dir [/usr/lib/gcc/i686-redhat-linux/5.1.1/../../..]
    arg [CMakeFiles/cmTC_48e1d.dir/CMakeCXXCompilerABI.cpp.o] ==> ignore
    arg [-lstdc++] ==> lib [stdc++]
    arg [-lm] ==> lib [m]
    arg [-lgcc_s] ==> lib [gcc_s]
    arg [-lgcc] ==> lib [gcc]
    arg [-lc] ==> lib [c]
    arg [-lgcc_s] ==> lib [gcc_s]
    arg [-lgcc] ==> lib [gcc]
    arg [/usr/lib/gcc/i686-redhat-linux/5.1.1/crtend.o] ==> ignore
    arg [/usr/lib/gcc/i686-redhat-linux/5.1.1/../../../crtn.o] ==> ignore
  remove lib [gcc_s]
  remove lib [gcc]
  remove lib [gcc_s]
  remove lib [gcc]
  collapse library dir [/usr/lib/gcc/i686-redhat-linux/5.1.1] ==> [/usr/lib/gcc/i686-redhat-linux/5.1.1]
  collapse library dir [/usr/lib/gcc/i686-redhat-linux/5.1.1/../../..] ==> [/usr/lib]
  implicit libs: [stdc++;m;c]
  implicit dirs: [/usr/lib/gcc/i686-redhat-linux/5.1.1;/usr/lib]
  implicit fwks: []




Detecting CXX [-std=c++14] compiler features compiled with the following output:
Change Dir: /home/RD/CMakeFiles/CMakeTmp

Run Build Command:"/bin/gmake" "cmTC_276c3/fast"
/bin/gmake -f CMakeFiles/cmTC_276c3.dir/build.make CMakeFiles/cmTC_276c3.dir/build
gmake[1]: Entering directory '/home/RD/CMakeFiles/CMakeTmp'
Building CXX object CMakeFiles/cmTC_276c3.dir/feature_tests.cxx.o
/bin/c++    -std=c++14 -o CMakeFiles/cmTC_276c3.dir/feature_tests.cxx.o -c /home/RD/CMakeFiles/feature_tests.cxx
Linking CXX executable cmTC_276c3
/usr/bin/cmake -E cmake_link_script CMakeFiles/cmTC_276c3.dir/link.txt --verbose=1
/bin/c++        CMakeFiles/cmTC_276c3.dir/feature_tests.cxx.o  -o cmTC_276c3 -rdynamic 
gmake[1]: Leaving directory '/home/RD/CMakeFiles/CMakeTmp'


    Feature record: CXX_FEATURE:1cxx_aggregate_default_initializers
    Feature record: CXX_FEATURE:1cxx_alias_templates
    Feature record: CXX_FEATURE:1cxx_alignas
    Feature record: CXX_FEATURE:1cxx_alignof
    Feature record: CXX_FEATURE:1cxx_attributes
    Feature record: CXX_FEATURE:1cxx_attribute_deprecated
    Feature record: CXX_FEATURE:1cxx_auto_type
    Feature record: CXX_FEATURE:1cxx_binary_literals
    Feature record: CXX_FEATURE:1cxx_constexpr
    Feature record: CXX_FEATURE:1cxx_contextual_conversions
    Feature record: CXX_FEATURE:1cxx_decltype
    Feature record: CXX_FEATURE:1cxx_decltype_auto
    Feature record: CXX_FEATURE:1cxx_decltype_incomplete_return_types
    Feature record: CXX_FEATURE:1cxx_default_function_template_args
    Feature record: CXX_FEATURE:1cxx_defaulted_functions
    Feature record: CXX_FEATURE:1cxx_defaulted_move_initializers
    Feature record: CXX_FEATURE:1cxx_delegating_constructors
    Feature record: CXX_FEATURE:1cxx_deleted_functions
    Feature record: CXX_FEATURE:1cxx_digit_separators
    Feature record: CXX_FEATURE:1cxx_enum_forward_declarations
    Feature record: CXX_FEATURE:1cxx_explicit_conversions
    Feature record: CXX_FEATURE:1cxx_extended_friend_declarations
    Feature record: CXX_FEATURE:1cxx_extern_templates
    Feature record: CXX_FEATURE:1cxx_final
    Feature record: CXX_FEATURE:1cxx_func_identifier
    Feature record: CXX_FEATURE:1cxx_generalized_initializers
    Feature record: CXX_FEATURE:1cxx_generic_lambdas
    Feature record: CXX_FEATURE:1cxx_inheriting_constructors
    Feature record: CXX_FEATURE:1cxx_inline_namespaces
    Feature record: CXX_FEATURE:1cxx_lambdas
    Feature record: CXX_FEATURE:1cxx_lambda_init_captures
    Feature record: CXX_FEATURE:1cxx_local_type_template_args
    Feature record: CXX_FEATURE:1cxx_long_long_type
    Feature record: CXX_FEATURE:1cxx_noexcept
    Feature record: CXX_FEATURE:1cxx_nonstatic_member_init
    Feature record: CXX_FEATURE:1cxx_nullptr
    Feature record: CXX_FEATURE:1cxx_override
    Feature record: CXX_FEATURE:1cxx_range_for
    Feature record: CXX_FEATURE:1cxx_raw_string_literals
    Feature record: CXX_FEATURE:1cxx_reference_qualified_functions
    Feature record: CXX_FEATURE:1cxx_relaxed_constexpr
    Feature record: CXX_FEATURE:1cxx_return_type_deduction
    Feature record: CXX_FEATURE:1cxx_right_angle_brackets
    Feature record: CXX_FEATURE:1cxx_rvalue_references
    Feature record: CXX_FEATURE:1cxx_sizeof_member
    Feature record: CXX_FEATURE:1cxx_static_assert
    Feature record: CXX_FEATURE:1cxx_strong_enums
    Feature record: CXX_FEATURE:1cxx_template_template_parameters
    Feature record: CXX_FEATURE:1cxx_thread_local
    Feature record: CXX_FEATURE:1cxx_trailing_return_types
    Feature record: CXX_FEATURE:1cxx_unicode_literals
    Feature record: CXX_FEATURE:1cxx_uniform_initialization
    Feature record: CXX_FEATURE:1cxx_unrestricted_unions
    Feature record: CXX_FEATURE:1cxx_user_literals
    Feature record: CXX_FEATURE:1cxx_variable_templates
    Feature record: CXX_FEATURE:1cxx_variadic_macros
    Feature record: CXX_FEATURE:1cxx_variadic_templates


Detecting CXX [-std=c++11] compiler features compiled with the following output:
Change Dir: /home/RD/CMakeFiles/CMakeTmp

Run Build Command:"/bin/gmake" "cmTC_47967/fast"
/bin/gmake -f CMakeFiles/cmTC_47967.dir/build.make CMakeFiles/cmTC_47967.dir/build
gmake[1]: Entering directory '/home/RD/CMakeFiles/CMakeTmp'
Building CXX object CMakeFiles/cmTC_47967.dir/feature_tests.cxx.o
/bin/c++    -std=c++11 -o CMakeFiles/cmTC_47967.dir/feature_tests.cxx.o -c /home/RD/CMakeFiles/feature_tests.cxx
Linking CXX executable cmTC_47967
/usr/bin/cmake -E cmake_link_script CMakeFiles/cmTC_47967.dir/link.txt --verbose=1
/bin/c++        CMakeFiles/cmTC_47967.dir/feature_tests.cxx.o  -o cmTC_47967 -rdynamic 
gmake[1]: Leaving directory '/home/RD/CMakeFiles/CMakeTmp'


    Feature record: CXX_FEATURE:0cxx_aggregate_default_initializers
    Feature record: CXX_FEATURE:1cxx_alias_templates
    Feature record: CXX_FEATURE:1cxx_alignas
    Feature record: CXX_FEATURE:1cxx_alignof
    Feature record: CXX_FEATURE:1cxx_attributes
    Feature record: CXX_FEATURE:0cxx_attribute_deprecated
    Feature record: CXX_FEATURE:1cxx_auto_type
    Feature record: CXX_FEATURE:0cxx_binary_literals
    Feature record: CXX_FEATURE:1cxx_constexpr
    Feature record: CXX_FEATURE:0cxx_contextual_conversions
    Feature record: CXX_FEATURE:1cxx_decltype
    Feature record: CXX_FEATURE:0cxx_decltype_auto
    Feature record: CXX_FEATURE:1cxx_decltype_incomplete_return_types
    Feature record: CXX_FEATURE:1cxx_default_function_template_args
    Feature record: CXX_FEATURE:1cxx_defaulted_functions
    Feature record: CXX_FEATURE:1cxx_defaulted_move_initializers
    Feature record: CXX_FEATURE:1cxx_delegating_constructors
    Feature record: CXX_FEATURE:1cxx_deleted_functions
    Feature record: CXX_FEATURE:0cxx_digit_separators
    Feature record: CXX_FEATURE:1cxx_enum_forward_declarations
    Feature record: CXX_FEATURE:1cxx_explicit_conversions
    Feature record: CXX_FEATURE:1cxx_extended_friend_declarations
    Feature record: CXX_FEATURE:1cxx_extern_templates
    Feature record: CXX_FEATURE:1cxx_final
    Feature record: CXX_FEATURE:1cxx_func_identifier
    Feature record: CXX_FEATURE:1cxx_generalized_initializers
    Feature record: CXX_FEATURE:0cxx_generic_lambdas
    Feature record: CXX_FEATURE:1cxx_inheriting_constructors
    Feature record: CXX_FEATURE:1cxx_inline_namespaces
    Feature record: CXX_FEATURE:1cxx_lambdas
    Feature record: CXX_FEATURE:0cxx_lambda_init_captures
    Feature record: CXX_FEATURE:1cxx_local_type_template_args
    Feature record: CXX_FEATURE:1cxx_long_long_type
    Feature record: CXX_FEATURE:1cxx_noexcept
    Feature record: CXX_FEATURE:1cxx_nonstatic_member_init
    Feature record: CXX_FEATURE:1cxx_nullptr
    Feature record: CXX_FEATURE:1cxx_override
    Feature record: CXX_FEATURE:1cxx_range_for
    Feature record: CXX_FEATURE:1cxx_raw_string_literals
    Feature record: CXX_FEATURE:1cxx_reference_qualified_functions
    Feature record: CXX_FEATURE:0cxx_relaxed_constexpr
    Feature record: CXX_FEATURE:0cxx_return_type_deduction
    Feature record: CXX_FEATURE:1cxx_right_angle_brackets
    Feature record: CXX_FEATURE:1cxx_rvalue_references
    Feature record: CXX_FEATURE:1cxx_sizeof_member
    Feature record: CXX_FEATURE:1cxx_static_assert
    Feature record: CXX_FEATURE:1cxx_strong_enums
    Feature record: CXX_FEATURE:1cxx_template_template_parameters
    Feature record: CXX_FEATURE:1cxx_thread_local
    Feature record: CXX_FEATURE:1cxx_trailing_return_types
    Feature record: CXX_FEATURE:1cxx_unicode_literals
    Feature record: CXX_FEATURE:1cxx_uniform_initialization
    Feature record: CXX_FEATURE:1cxx_unrestricted_unions
    Feature record: CXX_FEATURE:1cxx_user_literals
    Feature record: CXX_FEATURE:0cxx_variable_templates
    Feature record: CXX_FEATURE:1cxx_variadic_macros
    Feature record: CXX_FEATURE:1cxx_variadic_templates


Detecting CXX [-std=c++98] compiler features compiled with the following output:
Change Dir: /home/RD/CMakeFiles/CMakeTmp

Run Build Command:"/bin/gmake" "cmTC_867b0/fast"
/bin/gmake -f CMakeFiles/cmTC_867b0.dir/build.make CMakeFiles/cmTC_867b0.dir/build
gmake[1]: Entering directory '/home/RD/CMakeFiles/CMakeTmp'
Building CXX object CMakeFiles/cmTC_867b0.dir/feature_tests.cxx.o
/bin/c++    -std=c++98 -o CMakeFiles/cmTC_867b0.dir/feature_tests.cxx.o -c /home/RD/CMakeFiles/feature_tests.cxx
Linking CXX executable cmTC_867b0
/usr/bin/cmake -E cmake_link_script CMakeFiles/cmTC_867b0.dir/link.txt --verbose=1
/bin/c++        CMakeFiles/cmTC_867b0.dir/feature_tests.cxx.o  -o cmTC_867b0 -rdynamic 
gmake[1]: Leaving directory '/home/RD/CMakeFiles/CMakeTmp'


    Feature record: CXX_FEATURE:0cxx_aggregate_default_initializers
    Feature record: CXX_FEATURE:0cxx_alias_templates
    Feature record: CXX_FEATURE:0cxx_alignas
    Feature record: CXX_FEATURE:0cxx_alignof
    Feature record: CXX_FEATURE:0cxx_attributes
    Feature record: CXX_FEATURE:0cxx_attribute_deprecated
    Feature record: CXX_FEATURE:0cxx_auto_type
    Feature record: CXX_FEATURE:0cxx_binary_literals
    Feature record: CXX_FEATURE:0cxx_constexpr
    Feature record: CXX_FEATURE:0cxx_contextual_conversions
    Feature record: CXX_FEATURE:0cxx_decltype
    Feature record: CXX_FEATURE:0cxx_decltype_auto
    Feature record: CXX_FEATURE:0cxx_decltype_incomplete_return_types
    Feature record: CXX_FEATURE:0cxx_default_function_template_args
    Feature record: CXX_FEATURE:0cxx_defaulted_functions
    Feature record: CXX_FEATURE:0cxx_defaulted_move_initializers
    Feature record: CXX_FEATURE:0cxx_delegating_constructors
    Feature record: CXX_FEATURE:0cxx_deleted_functions
    Feature record: CXX_FEATURE:0cxx_digit_separators
    Feature record: CXX_FEATURE:0cxx_enum_forward_declarations
    Feature record: CXX_FEATURE:0cxx_explicit_conversions
    Feature record: CXX_FEATURE:0cxx_extended_friend_declarations
    Feature record: CXX_FEATURE:0cxx_extern_templates
    Feature record: CXX_FEATURE:0cxx_final
    Feature record: CXX_FEATURE:0cxx_func_identifier
    Feature record: CXX_FEATURE:0cxx_generalized_initializers
    Feature record: CXX_FEATURE:0cxx_generic_lambdas
    Feature record: CXX_FEATURE:0cxx_inheriting_constructors
    Feature record: CXX_FEATURE:0cxx_inline_namespaces
    Feature record: CXX_FEATURE:0cxx_lambdas
    Feature record: CXX_FEATURE:0cxx_lambda_init_captures
    Feature record: CXX_FEATURE:0cxx_local_type_template_args
    Feature record: CXX_FEATURE:0cxx_long_long_type
    Feature record: CXX_FEATURE:0cxx_noexcept
    Feature record: CXX_FEATURE:0cxx_nonstatic_member_init
    Feature record: CXX_FEATURE:0cxx_nullptr
    Feature record: CXX_FEATURE:0cxx_override
    Feature record: CXX_FEATURE:0cxx_range_for
    Feature record: CXX_FEATURE:0cxx_raw_string_literals
    Feature record: CXX_FEATURE:0cxx_reference_qualified_functions
    Feature record: CXX_FEATURE:0cxx_relaxed_constexpr
    Feature record: CXX_FEATURE:0cxx_return_type_deduction
    Feature record: CXX_FEATURE:0cxx_right_angle_brackets
    Feature record: CXX_FEATURE:0cxx_rvalue_references
    Feature record: CXX_FEATURE:0cxx_sizeof_member
    Feature record: CXX_FEATURE:0cxx_static_assert
    Feature record: CXX_FEATURE:0cxx_strong_enums
    Feature record: CXX_FEATURE:1cxx_template_template_parameters
    Feature record: CXX_FEATURE:0cxx_thread_local
    Feature record: CXX_FEATURE:0cxx_trailing_return_types
    Feature record: CXX_FEATURE:0cxx_unicode_literals
    Feature record: CXX_FEATURE:0cxx_uniform_initialization
    Feature record: CXX_FEATURE:0cxx_unrestricted_unions
    Feature record: CXX_FEATURE:0cxx_user_literals
    Feature record: CXX_FEATURE:0cxx_variable_templates
    Feature record: CXX_FEATURE:0cxx_variadic_macros
    Feature record: CXX_FEATURE:0cxx_variadic_templates
